{"C:\\ReactDev\\react\\vite\\vite-project\\vite.config.ts": {"path":"C:\\ReactDev\\react\\vite\\vite-project\\vite.config.ts","statementMap":{"0":{"start":{"line":1,"column":0},"end":{"line":1,"column":35}},"1":{"start":{"line":2,"column":0},"end":{"line":2,"column":40}},"2":{"start":{"line":3,"column":0},"end":{"line":3,"column":48}},"3":{"start":{"line":6,"column":0},"end":{"line":8,"column":null}}},"fnMap":{},"branchMap":{},"s":{"0":0,"1":0,"2":0,"3":0},"f":{},"b":{}}
,"C:\\ReactDev\\react\\vite\\vite-project\\src\\App.tsx": {"path":"C:\\ReactDev\\react\\vite\\vite-project\\src\\App.tsx","statementMap":{"0":{"start":{"line":1,"column":0},"end":{"line":1,"column":32}},"1":{"start":{"line":2,"column":0},"end":{"line":2,"column":42}},"2":{"start":{"line":3,"column":0},"end":{"line":3,"column":32}},"3":{"start":{"line":4,"column":0},"end":{"line":4,"column":18}},"4":{"start":{"line":7,"column":28},"end":{"line":7,"column":39}},"5":{"start":{"line":9,"column":2},"end":{"line":32,"column":null}},"6":{"start":{"line":21,"column":31},"end":{"line":21,"column":61}},"7":{"start":{"line":21,"column":51},"end":{"line":21,"column":60}},"8":{"start":{"line":35,"column":0},"end":{"line":35,"column":null}}},"fnMap":{"0":{"name":"App","decl":{"start":{"line":6,"column":9},"end":{"line":6,"column":12}},"loc":{"start":{"line":6,"column":12},"end":{"line":33,"column":1}}},"1":{"name":"(anonymous_2)","decl":{"start":{"line":21,"column":25},"end":{"line":21,"column":28}},"loc":{"start":{"line":21,"column":31},"end":{"line":21,"column":61}}},"2":{"name":"(anonymous_3)","decl":{"start":{"line":21,"column":40},"end":{"line":21,"column":41}},"loc":{"start":{"line":21,"column":51},"end":{"line":21,"column":60}}}},"branchMap":{},"s":{"0":0,"1":0,"2":0,"3":0,"4":0,"5":0,"6":0,"7":0,"8":0},"f":{"0":0,"1":0,"2":0},"b":{}}
,"C:\\ReactDev\\react\\vite\\vite-project\\src\\main.tsx": {"path":"C:\\ReactDev\\react\\vite\\vite-project\\src\\main.tsx","statementMap":{"0":{"start":{"line":1,"column":0},"end":{"line":1,"column":25}},"1":{"start":{"line":2,"column":0},"end":{"line":2,"column":39}},"2":{"start":{"line":3,"column":0},"end":{"line":3,"column":27}},"3":{"start":{"line":4,"column":0},"end":{"line":4,"column":20}},"4":{"start":{"line":6,"column":0},"end":{"line":10,"column":null}}},"fnMap":{},"branchMap":{},"s":{"0":0,"1":0,"2":0,"3":0,"4":0},"f":{},"b":{}}
,"C:\\ReactDev\\react\\vite\\vite-project\\src\\vite-env.d.ts": {"path":"C:\\ReactDev\\react\\vite\\vite-project\\src\\vite-env.d.ts","statementMap":{},"fnMap":{},"branchMap":{},"s":{},"f":{},"b":{}}
,"C:\\ReactDev\\react\\vite\\vite-project\\src\\components\\users\\Users.tsx": {"path":"C:\\ReactDev\\react\\vite\\vite-project\\src\\components\\users\\Users.tsx","statementMap":{"0":{"start":{"line":1,"column":14},"end":{"line":11,"column":3}},"1":{"start":{"line":2,"column":4},"end":{"line":10,"column":6}},"2":{"start":{"line":13,"column":2},"end":{"line":13,"column":23}}},"fnMap":{"0":{"name":"(anonymous_0)","decl":{"start":{"line":1,"column":14},"end":{"line":1,"column":17}},"loc":{"start":{"line":1,"column":19},"end":{"line":11,"column":3}}}},"branchMap":{},"s":{"0":1,"1":2,"2":1},"f":{"0":2},"b":{}}
,"C:\\ReactDev\\react\\vite\\vite-project\\src\\containers\\UIShell\\UIShell.tsx": {"path":"C:\\ReactDev\\react\\vite\\vite-project\\src\\containers\\UIShell\\UIShell.tsx","statementMap":{"0":{"start":{"line":4,"column":4},"end":{"line":4,"column":null}},"1":{"start":{"line":3,"column":0},"end":{"line":3,"column":24}}},"fnMap":{"0":{"name":"UIShell","decl":{"start":{"line":3,"column":24},"end":{"line":3,"column":31}},"loc":{"start":{"line":3,"column":31},"end":{"line":5,"column":1}}}},"branchMap":{},"s":{"0":1,"1":1},"f":{"0":1},"b":{}}
}
